2021-09-21 15:09:07,971 INFO o.a.j.u.JMeterUtils: Setting Locale to en_EN
2021-09-21 15:09:07,994 INFO o.a.j.JMeter: Loading user properties from: D:\apps\apache-jmeter-5.3\bin\user.properties
2021-09-21 15:09:07,995 INFO o.a.j.JMeter: Loading system properties from: D:\apps\apache-jmeter-5.3\bin\system.properties
2021-09-21 15:09:07,998 INFO o.a.j.JMeter: Copyright (c) 1998-2020 The Apache Software Foundation
2021-09-21 15:09:07,998 INFO o.a.j.JMeter: Version 5.3
2021-09-21 15:09:07,998 INFO o.a.j.JMeter: java.version=1.8.0_282
2021-09-21 15:09:07,999 INFO o.a.j.JMeter: java.vm.name=OpenJDK 64-Bit Server VM
2021-09-21 15:09:07,999 INFO o.a.j.JMeter: os.name=Windows 10
2021-09-21 15:09:07,999 INFO o.a.j.JMeter: os.arch=amd64
2021-09-21 15:09:07,999 INFO o.a.j.JMeter: os.version=10.0
2021-09-21 15:09:07,999 INFO o.a.j.JMeter: file.encoding=Cp1252
2021-09-21 15:09:07,999 INFO o.a.j.JMeter: java.awt.headless=true
2021-09-21 15:09:07,999 INFO o.a.j.JMeter: Max memory     =1073741824
2021-09-21 15:09:07,999 INFO o.a.j.JMeter: Available Processors =4
2021-09-21 15:09:08,007 INFO o.a.j.JMeter: Default Locale=English (EN)
2021-09-21 15:09:08,008 INFO o.a.j.JMeter: JMeter  Locale=English (EN)
2021-09-21 15:09:08,008 INFO o.a.j.JMeter: JMeterHome=D:\apps\apache-jmeter-5.3
2021-09-21 15:09:08,008 INFO o.a.j.JMeter: user.dir  =D:\git\todolistapi
2021-09-21 15:09:08,008 INFO o.a.j.JMeter: PWD       =D:\git\todolistapi
2021-09-21 15:09:08,010 INFO o.a.j.JMeter: IP: 172.26.16.1 Name: LAPTOP-SCJ41H89 FullName: LAPTOP-SCJ41H89.mshome.net
2021-09-21 15:09:08,014 INFO o.a.j.JMeter: Setting property 'jmeter.reportgenerator.outputdir' to:'D:\git\todolistapi\artifacts\html'
2021-09-21 15:09:08,018 INFO o.a.j.s.FileServer: Default base='D:\git\todolistapi'
2021-09-21 15:09:08,024 INFO o.a.j.s.FileServer: Set new base='D:\git\todolistapi\artifacts'
2021-09-21 15:09:08,217 INFO o.a.j.s.SaveService: Testplan (JMX) version: 2.2. Testlog (JTL) version: 2.2
2021-09-21 15:09:08,253 INFO o.a.j.s.SaveService: Using SaveService properties file encoding UTF-8
2021-09-21 15:09:08,260 INFO o.a.j.s.SaveService: Using SaveService properties version 5.0
2021-09-21 15:09:08,270 INFO o.a.j.s.SaveService: Loading file: D:\git\todolistapi\artifacts\TODO-LIST-API TEST PLAN.jmx
2021-09-21 15:09:08,339 INFO o.a.j.p.h.s.HTTPSamplerBase: Parser for text/html is org.apache.jmeter.protocol.http.parser.LagartoBasedHtmlParser
2021-09-21 15:09:08,339 INFO o.a.j.p.h.s.HTTPSamplerBase: Parser for application/xhtml+xml is org.apache.jmeter.protocol.http.parser.LagartoBasedHtmlParser
2021-09-21 15:09:08,339 INFO o.a.j.p.h.s.HTTPSamplerBase: Parser for application/xml is org.apache.jmeter.protocol.http.parser.LagartoBasedHtmlParser
2021-09-21 15:09:08,339 INFO o.a.j.p.h.s.HTTPSamplerBase: Parser for text/xml is org.apache.jmeter.protocol.http.parser.LagartoBasedHtmlParser
2021-09-21 15:09:08,339 INFO o.a.j.p.h.s.HTTPSamplerBase: Parser for text/vnd.wap.wml is org.apache.jmeter.protocol.http.parser.RegexpHTMLParser
2021-09-21 15:09:08,339 INFO o.a.j.p.h.s.HTTPSamplerBase: Parser for text/css is org.apache.jmeter.protocol.http.parser.CssParser
2021-09-21 15:09:08,510 INFO o.a.j.JMeter: Creating summariser <summary>
2021-09-21 15:09:08,522 INFO o.a.j.r.d.ReportGenerator: ReportGenerator will use for Parsing the separator: ','
2021-09-21 15:09:08,523 INFO o.a.j.r.d.ReportGenerator: Will generate report at end of test from  results file: testresults2.csv
2021-09-21 15:09:08,523 INFO o.a.j.r.d.ReportGenerator: Reading report generator properties from: D:\apps\apache-jmeter-5.3\bin\reportgenerator.properties
2021-09-21 15:09:08,544 INFO o.a.j.r.d.ReportGenerator: Merging with JMeter properties
2021-09-21 15:09:08,551 INFO o.a.j.r.c.ReportGeneratorConfiguration: Property 'jmeter.reportgenerator.temp_dir' not found, using default value 'temp' instead.
2021-09-21 15:09:08,556 INFO o.a.j.r.c.ReportGeneratorConfiguration: Property 'jmeter.reportgenerator.apdex_per_transaction' not found, using default value 'null' instead.
2021-09-21 15:09:08,556 INFO o.a.j.r.c.ReportGeneratorConfiguration: apdex_per_transaction is empty, not APDEX per transaction customization
2021-09-21 15:09:08,557 INFO o.a.j.r.c.ReportGeneratorConfiguration: Property 'jmeter.reportgenerator.sample_filter' not found, using default value 'null' instead.
2021-09-21 15:09:08,557 INFO o.a.j.r.c.ReportGeneratorConfiguration: Property 'jmeter.reportgenerator.report_title' not found, using default value 'null' instead.
2021-09-21 15:09:08,557 INFO o.a.j.r.c.ReportGeneratorConfiguration: Property 'jmeter.reportgenerator.start_date' not found, using default value 'null' instead.
2021-09-21 15:09:08,557 INFO o.a.j.r.c.ReportGeneratorConfiguration: Property 'jmeter.reportgenerator.end_date' not found, using default value 'null' instead.
2021-09-21 15:09:08,557 INFO o.a.j.r.c.ReportGeneratorConfiguration: Property 'jmeter.reportgenerator.date_format' not found, using default value 'null' instead.
2021-09-21 15:09:08,558 INFO o.a.j.r.c.ReportGeneratorConfiguration: Will use date range start date: null, end date: null
2021-09-21 15:09:08,565 INFO o.a.j.r.c.ReportGeneratorConfiguration: Property 'jmeter.reportgenerator.graph.totalTPS.exclude_controllers' not found, using default value 'false' instead.
2021-09-21 15:09:08,565 INFO o.a.j.r.c.ReportGeneratorConfiguration: Property 'jmeter.reportgenerator.graph.activeThreadsOverTime.exclude_controllers' not found, using default value 'false' instead.
2021-09-21 15:09:08,565 INFO o.a.j.r.c.ReportGeneratorConfiguration: Property 'jmeter.reportgenerator.graph.timeVsThreads.exclude_controllers' not found, using default value 'false' instead.
2021-09-21 15:09:08,566 INFO o.a.j.r.c.ReportGeneratorConfiguration: Property 'jmeter.reportgenerator.graph.responseTimeDistribution.exclude_controllers' not found, using default value 'false' instead.
2021-09-21 15:09:08,566 INFO o.a.j.r.c.ReportGeneratorConfiguration: Property 'jmeter.reportgenerator.graph.transactionsPerSecond.exclude_controllers' not found, using default value 'false' instead.
2021-09-21 15:09:08,566 INFO o.a.j.r.c.ReportGeneratorConfiguration: Property 'jmeter.reportgenerator.graph.responseTimePercentiles.exclude_controllers' not found, using default value 'false' instead.
2021-09-21 15:09:08,567 INFO o.a.j.r.c.ReportGeneratorConfiguration: Property 'jmeter.reportgenerator.graph.responseTimePercentilesOverTime.exclude_controllers' not found, using default value 'false' instead.
2021-09-21 15:09:08,567 INFO o.a.j.r.c.ReportGeneratorConfiguration: Property 'jmeter.reportgenerator.graph.responseTimesOverTime.exclude_controllers' not found, using default value 'false' instead.
2021-09-21 15:09:08,568 INFO o.a.j.r.c.ReportGeneratorConfiguration: Property 'jmeter.reportgenerator.graph.connectTimeOverTime.exclude_controllers' not found, using default value 'false' instead.
2021-09-21 15:09:08,568 INFO o.a.j.r.c.ReportGeneratorConfiguration: Property 'jmeter.reportgenerator.graph.latenciesOverTime.exclude_controllers' not found, using default value 'false' instead.
2021-09-21 15:09:08,569 INFO o.a.j.r.c.ReportGeneratorConfiguration: Property 'jmeter.reportgenerator.exporter.json.filters_only_sample_series' not found, using default value 'true' instead.
2021-09-21 15:09:08,570 INFO o.a.j.r.c.ReportGeneratorConfiguration: Property 'jmeter.reportgenerator.exporter.json.series_filter' not found, using default value '' instead.
2021-09-21 15:09:08,572 INFO o.a.j.r.c.ReportGeneratorConfiguration: Property 'jmeter.reportgenerator.exporter.json.show_controllers_only' not found, using default value 'false' instead.
2021-09-21 15:09:08,573 INFO o.a.j.r.c.ReportGeneratorConfiguration: Property 'jmeter.reportgenerator.exporter.html.filters_only_sample_series' not found, using default value 'true' instead.
2021-09-21 15:09:08,573 INFO o.a.j.r.c.ReportGeneratorConfiguration: Property 'jmeter.reportgenerator.exporter.html.series_filter' not found, using default value '' instead.
2021-09-21 15:09:08,573 INFO o.a.j.r.c.ReportGeneratorConfiguration: Property 'jmeter.reportgenerator.exporter.html.show_controllers_only' not found, using default value 'false' instead.
2021-09-21 15:09:08,582 INFO o.a.j.e.StandardJMeterEngine: Running the test!
2021-09-21 15:09:08,600 INFO o.a.j.s.SampleEvent: List of sample_variables: []
2021-09-21 15:09:08,600 INFO o.a.j.s.SampleEvent: List of sample_variables: []
2021-09-21 15:09:08,610 INFO o.a.j.e.u.CompoundVariable: Note: Function class names must contain the string: '.functions.'
2021-09-21 15:09:08,611 INFO o.a.j.e.u.CompoundVariable: Note: Function class names must not contain the string: '.gui.'
2021-09-21 15:09:09,247 INFO o.a.j.JMeter: Running test (1632247749247)
2021-09-21 15:09:09,298 INFO o.a.j.e.StandardJMeterEngine: Starting ThreadGroup: 1 : Authentication Token 
2021-09-21 15:09:09,298 INFO o.a.j.e.StandardJMeterEngine: Starting 1 threads for group Authentication Token .
2021-09-21 15:09:09,298 INFO o.a.j.e.StandardJMeterEngine: Thread will continue on error
2021-09-21 15:09:09,299 INFO o.a.j.t.ThreadGroup: Starting thread group... number=1 threads=1 ramp-up=1 delayedStart=false
2021-09-21 15:09:09,317 INFO o.a.j.t.ThreadGroup: Started thread group number 1
2021-09-21 15:09:09,318 INFO o.a.j.e.StandardJMeterEngine: Starting ThreadGroup: 2 : Manage Tasks Group
2021-09-21 15:09:09,318 INFO o.a.j.e.StandardJMeterEngine: Starting 20 threads for group Manage Tasks Group.
2021-09-21 15:09:09,318 INFO o.a.j.e.StandardJMeterEngine: Thread will continue on error
2021-09-21 15:09:09,318 INFO o.a.j.t.ThreadGroup: Starting thread group... number=2 threads=20 ramp-up=1 delayedStart=false
2021-09-21 15:09:09,334 INFO o.a.j.t.JMeterThread: Thread started: Authentication Token  1-1
2021-09-21 15:09:09,348 INFO o.a.j.t.ThreadGroup: Started thread group number 2
2021-09-21 15:09:09,349 INFO o.a.j.e.StandardJMeterEngine: Starting ThreadGroup: 3 : Find Tasks Group
2021-09-21 15:09:09,349 INFO o.a.j.e.StandardJMeterEngine: Starting 20 threads for group Find Tasks Group.
2021-09-21 15:09:09,349 INFO o.a.j.e.StandardJMeterEngine: Thread will continue on error
2021-09-21 15:09:09,349 INFO o.a.j.t.ThreadGroup: Starting thread group... number=3 threads=20 ramp-up=1 delayedStart=false
2021-09-21 15:09:09,367 INFO o.a.j.t.ThreadGroup: Started thread group number 3
2021-09-21 15:09:09,367 INFO o.a.j.e.StandardJMeterEngine: All thread groups have been started
2021-09-21 15:09:09,393 INFO o.a.j.p.h.s.HTTPHCAbstractImpl: Local host = LAPTOP-SCJ41H89
2021-09-21 15:09:09,410 INFO o.a.j.p.h.s.HTTPHC4Impl: HTTP request retry count = 0
2021-09-21 15:09:09,413 INFO o.a.j.s.SampleResult: Note: Sample TimeStamps are START times
2021-09-21 15:09:09,414 INFO o.a.j.s.SampleResult: sampleresult.default.encoding is set to ISO-8859-1
2021-09-21 15:09:09,414 INFO o.a.j.s.SampleResult: sampleresult.useNanoTime=true
2021-09-21 15:09:09,414 INFO o.a.j.s.SampleResult: sampleresult.nanoThreadSleep=5000
2021-09-21 15:09:09,751 INFO o.a.j.t.JMeterThread: Thread is done: Authentication Token  1-1
2021-09-21 15:09:09,751 INFO o.a.j.t.JMeterThread: Thread finished: Authentication Token  1-1
2021-09-21 15:09:10,318 INFO o.a.j.t.JMeterThread: Thread started: Manage Tasks Group 2-1
2021-09-21 15:09:10,369 INFO o.a.j.t.JMeterThread: Thread started: Manage Tasks Group 2-2
2021-09-21 15:09:10,419 INFO o.a.j.t.JMeterThread: Thread started: Manage Tasks Group 2-3
2021-09-21 15:09:10,469 INFO o.a.j.t.JMeterThread: Thread started: Manage Tasks Group 2-4
2021-09-21 15:09:10,519 INFO o.a.j.t.JMeterThread: Thread started: Manage Tasks Group 2-5
2021-09-21 15:09:10,569 INFO o.a.j.t.JMeterThread: Thread started: Manage Tasks Group 2-6
2021-09-21 15:09:10,619 INFO o.a.j.t.JMeterThread: Thread started: Manage Tasks Group 2-7
2021-09-21 15:09:10,669 INFO o.a.j.t.JMeterThread: Thread started: Manage Tasks Group 2-8
2021-09-21 15:09:10,719 INFO o.a.j.t.JMeterThread: Thread started: Manage Tasks Group 2-9
2021-09-21 15:09:10,769 INFO o.a.j.t.JMeterThread: Thread started: Manage Tasks Group 2-10
2021-09-21 15:09:10,819 INFO o.a.j.t.JMeterThread: Thread started: Manage Tasks Group 2-11
2021-09-21 15:09:10,869 INFO o.a.j.t.JMeterThread: Thread started: Manage Tasks Group 2-12
2021-09-21 15:09:10,919 INFO o.a.j.t.JMeterThread: Thread started: Manage Tasks Group 2-13
2021-09-21 15:09:10,969 INFO o.a.j.t.JMeterThread: Thread started: Manage Tasks Group 2-14
2021-09-21 15:09:11,019 INFO o.a.j.t.JMeterThread: Thread started: Manage Tasks Group 2-15
2021-09-21 15:09:11,069 INFO o.a.j.t.JMeterThread: Thread started: Manage Tasks Group 2-16
2021-09-21 15:09:11,119 INFO o.a.j.t.JMeterThread: Thread started: Manage Tasks Group 2-17
2021-09-21 15:09:11,170 INFO o.a.j.t.JMeterThread: Thread started: Manage Tasks Group 2-18
2021-09-21 15:09:11,219 INFO o.a.j.t.JMeterThread: Thread started: Manage Tasks Group 2-19
2021-09-21 15:09:11,271 INFO o.a.j.t.JMeterThread: Thread started: Manage Tasks Group 2-20
2021-09-21 15:09:11,349 INFO o.a.j.t.JMeterThread: Thread started: Find Tasks Group 3-1
2021-09-21 15:09:11,399 INFO o.a.j.t.JMeterThread: Thread started: Find Tasks Group 3-2
2021-09-21 15:09:11,460 INFO o.a.j.t.JMeterThread: Thread started: Find Tasks Group 3-3
2021-09-21 15:09:11,501 INFO o.a.j.t.JMeterThread: Thread started: Find Tasks Group 3-4
2021-09-21 15:09:11,558 INFO o.a.j.t.JMeterThread: Thread started: Find Tasks Group 3-5
2021-09-21 15:09:11,600 INFO o.a.j.t.JMeterThread: Thread started: Find Tasks Group 3-6
2021-09-21 15:09:11,696 INFO o.a.j.t.JMeterThread: Thread started: Find Tasks Group 3-7
2021-09-21 15:09:11,701 INFO o.a.j.t.JMeterThread: Thread started: Find Tasks Group 3-8
2021-09-21 15:09:11,750 INFO o.a.j.t.JMeterThread: Thread started: Find Tasks Group 3-9
2021-09-21 15:09:11,801 INFO o.a.j.t.JMeterThread: Thread started: Find Tasks Group 3-10
2021-09-21 15:09:11,849 INFO o.a.j.t.JMeterThread: Thread started: Find Tasks Group 3-11
2021-09-21 15:09:11,899 INFO o.a.j.t.JMeterThread: Thread started: Find Tasks Group 3-12
2021-09-21 15:09:11,994 INFO o.a.j.t.JMeterThread: Thread started: Find Tasks Group 3-13
2021-09-21 15:09:12,010 INFO o.a.j.t.JMeterThread: Thread started: Find Tasks Group 3-14
2021-09-21 15:09:12,050 INFO o.a.j.t.JMeterThread: Thread started: Find Tasks Group 3-15
2021-09-21 15:09:12,100 INFO o.a.j.t.JMeterThread: Thread started: Find Tasks Group 3-16
2021-09-21 15:09:12,150 INFO o.a.j.t.JMeterThread: Thread started: Find Tasks Group 3-17
2021-09-21 15:09:12,200 INFO o.a.j.t.JMeterThread: Thread started: Find Tasks Group 3-18
2021-09-21 15:09:12,250 INFO o.a.j.t.JMeterThread: Thread started: Find Tasks Group 3-19
2021-09-21 15:09:12,357 INFO o.a.j.t.JMeterThread: Thread started: Find Tasks Group 3-20
2021-09-21 15:09:30,014 INFO o.a.j.r.Summariser: summary +    505 in 00:00:21 =   24.3/s Avg:  1310 Min:   107 Max:  9242 Err:     0 (0.00%) Active: 40 Started: 41 Finished: 1
2021-09-21 15:09:30,478 INFO o.a.j.t.JMeterThread: Stopping because end time detected by thread: Manage Tasks Group 2-12
2021-09-21 15:09:30,478 INFO o.a.j.t.JMeterThread: Thread finished: Manage Tasks Group 2-12
2021-09-21 15:09:30,855 INFO o.a.j.t.JMeterThread: Stopping because end time detected by thread: Manage Tasks Group 2-9
2021-09-21 15:09:30,855 INFO o.a.j.t.JMeterThread: Thread finished: Manage Tasks Group 2-9
2021-09-21 15:09:31,095 INFO o.a.j.t.JMeterThread: Stopping because end time detected by thread: Manage Tasks Group 2-1
2021-09-21 15:09:31,099 INFO o.a.j.t.JMeterThread: Thread finished: Manage Tasks Group 2-1
2021-09-21 15:09:32,230 INFO o.a.j.t.JMeterThread: Stopping because end time detected by thread: Manage Tasks Group 2-10
2021-09-21 15:09:32,231 INFO o.a.j.t.JMeterThread: Thread finished: Manage Tasks Group 2-10
2021-09-21 15:09:32,260 INFO o.a.j.t.JMeterThread: Stopping because end time detected by thread: Find Tasks Group 3-1
2021-09-21 15:09:32,261 INFO o.a.j.t.JMeterThread: Thread finished: Find Tasks Group 3-1
2021-09-21 15:09:32,275 INFO o.a.j.t.JMeterThread: Stopping because end time detected by thread: Find Tasks Group 3-17
2021-09-21 15:09:32,275 INFO o.a.j.t.JMeterThread: Thread finished: Find Tasks Group 3-17
2021-09-21 15:09:32,282 INFO o.a.j.t.JMeterThread: Stopping because end time detected by thread: Find Tasks Group 3-12
2021-09-21 15:09:32,282 INFO o.a.j.t.JMeterThread: Thread finished: Find Tasks Group 3-12
2021-09-21 15:09:32,290 INFO o.a.j.t.JMeterThread: Stopping because end time detected by thread: Find Tasks Group 3-9
2021-09-21 15:09:32,290 INFO o.a.j.t.JMeterThread: Thread finished: Find Tasks Group 3-9
2021-09-21 15:09:32,292 INFO o.a.j.t.JMeterThread: Stopping because end time detected by thread: Find Tasks Group 3-13
2021-09-21 15:09:32,292 INFO o.a.j.t.JMeterThread: Thread finished: Find Tasks Group 3-13
2021-09-21 15:09:32,294 INFO o.a.j.t.JMeterThread: Stopping because end time detected by thread: Find Tasks Group 3-20
2021-09-21 15:09:32,294 INFO o.a.j.t.JMeterThread: Thread finished: Find Tasks Group 3-20
2021-09-21 15:09:32,295 INFO o.a.j.t.JMeterThread: Stopping because end time detected by thread: Find Tasks Group 3-3
2021-09-21 15:09:32,296 INFO o.a.j.t.JMeterThread: Thread finished: Find Tasks Group 3-3
2021-09-21 15:09:32,299 INFO o.a.j.t.JMeterThread: Stopping because end time detected by thread: Find Tasks Group 3-7
2021-09-21 15:09:32,300 INFO o.a.j.t.JMeterThread: Thread finished: Find Tasks Group 3-7
2021-09-21 15:09:32,302 INFO o.a.j.t.JMeterThread: Stopping because end time detected by thread: Find Tasks Group 3-14
2021-09-21 15:09:32,302 INFO o.a.j.t.JMeterThread: Thread finished: Find Tasks Group 3-14
2021-09-21 15:09:32,303 INFO o.a.j.t.JMeterThread: Stopping because end time detected by thread: Find Tasks Group 3-19
2021-09-21 15:09:32,303 INFO o.a.j.t.JMeterThread: Thread finished: Find Tasks Group 3-19
2021-09-21 15:09:32,306 INFO o.a.j.t.JMeterThread: Stopping because end time detected by thread: Find Tasks Group 3-6
2021-09-21 15:09:32,306 INFO o.a.j.t.JMeterThread: Thread finished: Find Tasks Group 3-6
2021-09-21 15:09:32,306 INFO o.a.j.t.JMeterThread: Stopping because end time detected by thread: Find Tasks Group 3-4
2021-09-21 15:09:32,306 INFO o.a.j.t.JMeterThread: Thread finished: Find Tasks Group 3-4
2021-09-21 15:09:32,308 INFO o.a.j.t.JMeterThread: Stopping because end time detected by thread: Find Tasks Group 3-18
2021-09-21 15:09:32,309 INFO o.a.j.t.JMeterThread: Thread finished: Find Tasks Group 3-18
2021-09-21 15:09:32,310 INFO o.a.j.t.JMeterThread: Stopping because end time detected by thread: Find Tasks Group 3-11
2021-09-21 15:09:32,311 INFO o.a.j.t.JMeterThread: Thread finished: Find Tasks Group 3-11
2021-09-21 15:09:32,311 INFO o.a.j.t.JMeterThread: Stopping because end time detected by thread: Find Tasks Group 3-15
2021-09-21 15:09:32,312 INFO o.a.j.t.JMeterThread: Thread finished: Find Tasks Group 3-15
2021-09-21 15:09:32,313 INFO o.a.j.t.JMeterThread: Stopping because end time detected by thread: Find Tasks Group 3-10
2021-09-21 15:09:32,313 INFO o.a.j.t.JMeterThread: Thread finished: Find Tasks Group 3-10
2021-09-21 15:09:32,315 INFO o.a.j.t.JMeterThread: Stopping because end time detected by thread: Find Tasks Group 3-8
2021-09-21 15:09:32,315 INFO o.a.j.t.JMeterThread: Thread finished: Find Tasks Group 3-8
2021-09-21 15:09:32,317 INFO o.a.j.t.JMeterThread: Stopping because end time detected by thread: Find Tasks Group 3-5
2021-09-21 15:09:32,317 INFO o.a.j.t.JMeterThread: Thread finished: Find Tasks Group 3-5
2021-09-21 15:09:32,318 INFO o.a.j.t.JMeterThread: Stopping because end time detected by thread: Find Tasks Group 3-16
2021-09-21 15:09:32,318 INFO o.a.j.t.JMeterThread: Thread finished: Find Tasks Group 3-16
2021-09-21 15:09:32,320 INFO o.a.j.t.JMeterThread: Stopping because end time detected by thread: Find Tasks Group 3-2
2021-09-21 15:09:32,320 INFO o.a.j.t.JMeterThread: Thread finished: Find Tasks Group 3-2
2021-09-21 15:09:33,081 INFO o.a.j.t.JMeterThread: Stopping because end time detected by thread: Manage Tasks Group 2-18
2021-09-21 15:09:33,082 INFO o.a.j.t.JMeterThread: Thread finished: Manage Tasks Group 2-18
2021-09-21 15:09:33,984 INFO o.a.j.t.JMeterThread: Stopping because end time detected by thread: Manage Tasks Group 2-8
2021-09-21 15:09:33,984 INFO o.a.j.t.JMeterThread: Thread finished: Manage Tasks Group 2-8
2021-09-21 15:09:34,737 INFO o.a.j.t.JMeterThread: Stopping because end time detected by thread: Manage Tasks Group 2-14
2021-09-21 15:09:34,738 INFO o.a.j.t.JMeterThread: Thread finished: Manage Tasks Group 2-14
2021-09-21 15:09:35,225 INFO o.a.j.t.JMeterThread: Stopping because end time detected by thread: Manage Tasks Group 2-15
2021-09-21 15:09:35,225 INFO o.a.j.t.JMeterThread: Thread finished: Manage Tasks Group 2-15
2021-09-21 15:09:35,913 INFO o.a.j.t.JMeterThread: Stopping because end time detected by thread: Manage Tasks Group 2-13
2021-09-21 15:09:35,913 INFO o.a.j.t.JMeterThread: Thread finished: Manage Tasks Group 2-13
2021-09-21 15:09:36,246 INFO o.a.j.t.JMeterThread: Stopping because end time detected by thread: Manage Tasks Group 2-7
2021-09-21 15:09:36,246 INFO o.a.j.t.JMeterThread: Thread finished: Manage Tasks Group 2-7
2021-09-21 15:09:36,616 INFO o.a.j.t.JMeterThread: Stopping because end time detected by thread: Manage Tasks Group 2-16
2021-09-21 15:09:36,616 INFO o.a.j.t.JMeterThread: Thread finished: Manage Tasks Group 2-16
2021-09-21 15:09:37,232 INFO o.a.j.t.JMeterThread: Stopping because end time detected by thread: Manage Tasks Group 2-3
2021-09-21 15:09:37,232 INFO o.a.j.t.JMeterThread: Thread finished: Manage Tasks Group 2-3
2021-09-21 15:09:37,711 INFO o.a.j.t.JMeterThread: Stopping because end time detected by thread: Manage Tasks Group 2-17
2021-09-21 15:09:37,711 INFO o.a.j.t.JMeterThread: Thread finished: Manage Tasks Group 2-17
2021-09-21 15:09:38,253 INFO o.a.j.t.JMeterThread: Stopping because end time detected by thread: Manage Tasks Group 2-6
2021-09-21 15:09:38,254 INFO o.a.j.t.JMeterThread: Thread finished: Manage Tasks Group 2-6
2021-09-21 15:09:38,830 INFO o.a.j.t.JMeterThread: Stopping because end time detected by thread: Manage Tasks Group 2-2
2021-09-21 15:09:38,831 INFO o.a.j.t.JMeterThread: Thread finished: Manage Tasks Group 2-2
2021-09-21 15:09:39,638 INFO o.a.j.t.JMeterThread: Stopping because end time detected by thread: Manage Tasks Group 2-19
2021-09-21 15:09:39,638 INFO o.a.j.t.JMeterThread: Thread finished: Manage Tasks Group 2-19
2021-09-21 15:09:40,099 INFO o.a.j.t.JMeterThread: Stopping because end time detected by thread: Manage Tasks Group 2-11
2021-09-21 15:09:40,099 INFO o.a.j.t.JMeterThread: Thread finished: Manage Tasks Group 2-11
2021-09-21 15:09:40,880 INFO o.a.j.t.JMeterThread: Stopping because end time detected by thread: Manage Tasks Group 2-4
2021-09-21 15:09:40,880 INFO o.a.j.t.JMeterThread: Thread finished: Manage Tasks Group 2-4
2021-09-21 15:09:41,426 INFO o.a.j.t.JMeterThread: Stopping because end time detected by thread: Manage Tasks Group 2-5
2021-09-21 15:09:41,426 INFO o.a.j.t.JMeterThread: Thread finished: Manage Tasks Group 2-5
2021-09-21 15:09:41,987 INFO o.a.j.t.JMeterThread: Stopping because end time detected by thread: Manage Tasks Group 2-20
2021-09-21 15:09:41,987 INFO o.a.j.t.JMeterThread: Thread finished: Manage Tasks Group 2-20
2021-09-21 15:09:41,988 INFO o.a.j.e.StandardJMeterEngine: Notifying test listeners of end of test
2021-09-21 15:09:41,990 INFO o.a.j.r.Summariser: summary +    123 in 00:00:12 =   10.3/s Avg:  2094 Min:   227 Max: 11873 Err:     0 (0.00%) Active: 0 Started: 41 Finished: 41
2021-09-21 15:09:41,992 INFO o.a.j.r.Summariser: summary =    628 in 00:00:33 =   19.2/s Avg:  1464 Min:   107 Max: 11873 Err:     0 (0.00%)
2021-09-21 15:09:41,993 INFO o.a.j.JMeter: Generating Dashboard
2021-09-21 15:09:41,993 INFO o.a.j.r.d.ReportGenerator: Flushing result collector before report Generation
2021-09-21 15:09:42,092 INFO o.a.j.r.p.NormalizerSampleConsumer: Using format, 'ms', to parse timeStamp field
2021-09-21 15:09:42,656 INFO o.a.j.r.p.AbstractSampleConsumer: class org.apache.jmeter.report.processor.AggregateConsumer#stopProducing(): beginDate produced 0 samples
2021-09-21 15:09:42,656 INFO o.a.j.r.p.AbstractSampleConsumer: class org.apache.jmeter.report.processor.AggregateConsumer#stopProducing(): endDate produced 0 samples
2021-09-21 15:09:42,661 INFO o.a.j.r.p.AbstractSampleConsumer: class org.apache.jmeter.report.processor.ApdexSummaryConsumer#stopProducing(): apdexSummary produced 0 samples
2021-09-21 15:09:42,662 INFO o.a.j.r.p.AbstractSampleConsumer: class org.apache.jmeter.report.processor.RequestsSummaryConsumer#stopProducing(): requestsSummary produced 0 samples
2021-09-21 15:09:42,673 INFO o.a.j.r.p.AbstractSampleConsumer: class org.apache.jmeter.report.processor.StatisticsSummaryConsumer#stopProducing(): statisticsSummary produced 0 samples
2021-09-21 15:09:42,684 INFO o.a.j.r.p.AbstractSampleConsumer: class org.apache.jmeter.report.processor.Top5ErrorsBySamplerConsumer#stopProducing(): top5ErrorsBySampler produced 0 samples
2021-09-21 15:09:42,684 INFO o.a.j.r.p.AbstractSampleConsumer: class org.apache.jmeter.report.processor.ErrorsSummaryConsumer#stopProducing(): errorsSummary produced 0 samples
2021-09-21 15:09:42,684 INFO o.a.j.r.p.AbstractSampleConsumer: class org.apache.jmeter.report.processor.graph.impl.HitsPerSecondGraphConsumer#stopProducing(): hitsPerSecond produced 0 samples
2021-09-21 15:09:42,825 INFO o.a.j.r.p.AbstractSampleConsumer: class org.apache.jmeter.report.processor.graph.impl.LatencyVSRequestGraphConsumer#stopProducing(): latencyVsRequest produced 0 samples
2021-09-21 15:09:42,826 INFO o.a.j.r.p.AbstractSampleConsumer: class org.apache.jmeter.report.processor.graph.impl.SyntheticResponseTimeDistributionGraphConsumer#stopProducing(): syntheticResponseTimeDistribution produced 0 samples
2021-09-21 15:09:42,827 INFO o.a.j.r.p.AbstractSampleConsumer: class org.apache.jmeter.report.processor.graph.impl.BytesThroughputGraphConsumer#stopProducing(): bytesThroughputOverTime produced 0 samples
2021-09-21 15:09:42,827 INFO o.a.j.r.p.AbstractSampleConsumer: class org.apache.jmeter.report.processor.graph.impl.CodesPerSecondGraphConsumer#stopProducing(): codesPerSecond produced 0 samples
2021-09-21 15:09:42,866 INFO o.a.j.r.p.AbstractSampleConsumer: class org.apache.jmeter.report.processor.graph.impl.ResponseTimeVSRequestGraphConsumer#stopProducing(): responseTimeVsRequest produced 0 samples
2021-09-21 15:09:42,867 INFO o.a.j.r.p.AbstractSampleConsumer: class org.apache.jmeter.report.processor.FilterConsumer#stopProducing(): startIntervalControlerFilter produced 4396 samples
2021-09-21 15:09:42,867 INFO o.a.j.r.p.AbstractSampleConsumer: class org.apache.jmeter.report.processor.graph.impl.TotalTPSGraphConsumer#stopProducing(): totalTPS produced 0 samples
2021-09-21 15:09:42,868 INFO o.a.j.r.p.AbstractSampleConsumer: class org.apache.jmeter.report.processor.graph.impl.ActiveThreadsGraphConsumer#stopProducing(): activeThreadsOverTime produced 0 samples
2021-09-21 15:09:42,868 INFO o.a.j.r.p.AbstractSampleConsumer: class org.apache.jmeter.report.processor.graph.impl.TimeVSThreadGraphConsumer#stopProducing(): timeVsThreads produced 0 samples
2021-09-21 15:09:42,869 INFO o.a.j.r.p.AbstractSampleConsumer: class org.apache.jmeter.report.processor.graph.impl.ResponseTimeDistributionGraphConsumer#stopProducing(): responseTimeDistribution produced 0 samples
2021-09-21 15:09:42,870 INFO o.a.j.r.p.AbstractSampleConsumer: class org.apache.jmeter.report.processor.graph.impl.TransactionsPerSecondGraphConsumer#stopProducing(): transactionsPerSecond produced 0 samples
2021-09-21 15:09:42,870 INFO o.a.j.r.p.AbstractSampleConsumer: class org.apache.jmeter.report.processor.graph.impl.ResponseTimePercentilesGraphConsumer#stopProducing(): responseTimePercentiles produced 0 samples
2021-09-21 15:09:42,877 INFO o.a.j.r.p.AbstractSampleConsumer: class org.apache.jmeter.report.processor.graph.impl.ResponseTimePercentilesOverTimeGraphConsumer#stopProducing(): responseTimePercentilesOverTime produced 0 samples
2021-09-21 15:09:42,878 INFO o.a.j.r.p.AbstractSampleConsumer: class org.apache.jmeter.report.processor.graph.impl.ResponseTimeOverTimeGraphConsumer#stopProducing(): responseTimesOverTime produced 0 samples
2021-09-21 15:09:42,878 INFO o.a.j.r.p.AbstractSampleConsumer: class org.apache.jmeter.report.processor.graph.impl.ConnectTimeOverTimeGraphConsumer#stopProducing(): connectTimeOverTime produced 0 samples
2021-09-21 15:09:42,879 INFO o.a.j.r.p.AbstractSampleConsumer: class org.apache.jmeter.report.processor.graph.impl.LatencyOverTimeGraphConsumer#stopProducing(): latenciesOverTime produced 0 samples
2021-09-21 15:09:42,879 INFO o.a.j.r.p.AbstractSampleConsumer: class org.apache.jmeter.report.processor.FilterConsumer#stopProducing(): nameFilter produced 9420 samples
2021-09-21 15:09:42,879 INFO o.a.j.r.p.AbstractSampleConsumer: class org.apache.jmeter.report.processor.FilterConsumer#stopProducing(): dateRangeFilter produced 1884 samples
2021-09-21 15:09:42,879 INFO o.a.j.r.p.AbstractSampleConsumer: class org.apache.jmeter.report.processor.NormalizerSampleConsumer#stopProducing(): normalizer produced 628 samples
2021-09-21 15:09:42,880 INFO o.a.j.r.p.CsvFileSampleSource: produce(): 628 samples produced in 712ms on channel 0
2021-09-21 15:09:42,880 INFO o.a.j.r.d.ReportGenerator: Exporting data using exporter:'json' of className:'org.apache.jmeter.report.dashboard.JsonExporter'
2021-09-21 15:09:42,884 INFO o.a.j.r.d.JsonExporter: Found data for consumer statisticsSummary in context
2021-09-21 15:09:42,884 INFO o.a.j.r.d.JsonExporter: Creating statistics for overall
2021-09-21 15:09:42,885 INFO o.a.j.r.d.JsonExporter: Creating statistics for other transactions
2021-09-21 15:09:42,887 INFO o.a.j.r.d.JsonExporter: Checking output folder
2021-09-21 15:09:42,888 INFO o.a.j.r.d.JsonExporter: Writing statistics JSON to D:\git\todolistapi\artifacts\html\statistics.json
2021-09-21 15:09:43,189 INFO o.a.j.r.d.ReportGenerator: Exporting data using exporter:'html' of className:'org.apache.jmeter.report.dashboard.HtmlTemplateExporter'
2021-09-21 15:09:43,194 INFO o.a.j.r.d.HtmlTemplateExporter: Will generate dashboard in folder: D:\git\todolistapi\artifacts\html
2021-09-21 15:09:43,357 ERROR f.configuration: DefaultObjectWrapper.incompatibleImprovements was set to the object returned by Configuration.getVersion(). That defeats the purpose of incompatibleImprovements, and makes upgrading FreeMarker a potentially breaking change. Also, this probably won't be allowed starting from 2.4.0. Instead, set incompatibleImprovements to the highest concrete version that's known to be compatible with your application.
2021-09-21 15:09:43,359 ERROR f.configuration: Configuration.incompatibleImprovements was set to the object returned by Configuration.getVersion(). That defeats the purpose of incompatibleImprovements, and makes upgrading FreeMarker a potentially breaking change. Also, this probably won't be allowed starting from 2.4.0. Instead, set incompatibleImprovements to the highest concrete version that's known to be compatible with your application.
2021-09-21 15:09:43,372 INFO o.a.j.r.d.HtmlTemplateExporter: Report will be generated in: D:\git\todolistapi\artifacts\html, creating folder structure
2021-09-21 15:09:43,376 INFO o.a.j.r.d.TemplateVisitor: Copying folder from 'D:\apps\apache-jmeter-5.3\bin\report-template' to 'D:\git\todolistapi\artifacts\html', got message: D:\git\todolistapi\artifacts\html, found non empty folder with following content [D:\git\todolistapi\artifacts\html\statistics.json], will be ignored
2021-09-21 15:09:46,611 INFO o.a.j.JMeter: Dashboard generated
